[debug] [2024-02-27T05:11:08.663Z] ----------------------------------------------------------------------
[debug] [2024-02-27T05:11:08.666Z] Command:       C:\Program Files\nodejs\node.exe C:\Users\RITIK\AppData\Roaming\npm\node_modules\firebase-tools\lib\bin\firebase.js init
[debug] [2024-02-27T05:11:08.666Z] CLI Version:   13.3.1
[debug] [2024-02-27T05:11:08.667Z] Platform:      win32
[debug] [2024-02-27T05:11:08.667Z] Node Version:  v20.11.0
[debug] [2024-02-27T05:11:08.667Z] Time:          Tue Feb 27 2024 10:41:08 GMT+0530 (India Standard Time)
[debug] [2024-02-27T05:11:08.667Z] ----------------------------------------------------------------------
[debug] 
[debug] [2024-02-27T05:11:08.673Z] > command requires scopes: ["email","openid","https://www.googleapis.com/auth/cloudplatformprojects.readonly","https://www.googleapis.com/auth/firebase","https://www.googleapis.com/auth/cloud-platform"]
[debug] [2024-02-27T05:11:08.674Z] > authorizing via signed-in user (ritikbansal7272@gmail.com)
[info] 
     ######## #### ########  ######## ########     ###     ######  ########
     ##        ##  ##     ## ##       ##     ##  ##   ##  ##       ##
     ######    ##  ########  ######   ########  #########  ######  ######
     ##        ##  ##    ##  ##       ##     ## ##     ##       ## ##
     ##       #### ##     ## ######## ########  ##     ##  ######  ########

You're about to initialize a Firebase project in this directory:

  D:\MY_STUFF\nodejs\task1

[info] 
=== Project Setup
[info] 
[info] First, let's associate this project directory with a Firebase project.
[info] You can create multiple project aliases by running firebase use --add, 
[info] but for now we'll just set up a default project.
[info] 
[debug] [2024-02-27T05:11:37.254Z] >>> [apiv2][query] GET https://firebase.googleapis.com/v1beta1/projects pageSize=100
[debug] [2024-02-27T05:11:38.273Z] <<< [apiv2][status] GET https://firebase.googleapis.com/v1beta1/projects 200
[debug] [2024-02-27T05:11:38.273Z] <<< [apiv2][body] GET https://firebase.googleapis.com/v1beta1/projects [omitted]
[info] i  Using project mobzway-task1 (Mobzway Task1) 
[info] 
=== Hosting Setup
[debug] [2024-02-27T05:12:17.001Z] >>> [apiv2][query] GET https://firebase.googleapis.com/v1beta1/projects/mobzway-task1 [none]
[debug] [2024-02-27T05:12:17.676Z] <<< [apiv2][status] GET https://firebase.googleapis.com/v1beta1/projects/mobzway-task1 200
[debug] [2024-02-27T05:12:17.677Z] <<< [apiv2][body] GET https://firebase.googleapis.com/v1beta1/projects/mobzway-task1 {"projectId":"mobzway-task1","projectNumber":"16973835512","displayName":"Mobzway Task1","name":"projects/mobzway-task1","resources":{"hostingSite":"mobzway-task1"},"state":"ACTIVE","etag":"1_69cfdbae-c18d-4590-985f-1d8f1d812d8f"}
[info] 
[info] Your public directory is the folder (relative to your project directory) that
[info] will contain Hosting assets to be uploaded with firebase deploy. If you
[info] have a build process for your assets, use your build's output directory.
[info] 
